<?xml version="1.0" encoding="UTF-8"?>
<testng-results skipped="0" failed="0" total="1" passed="1">
  <reporter-output>
  </reporter-output>
  <suite name="Suite" duration-ms="25463" started-at="2018-03-22T16:40:35Z" finished-at="2018-03-22T16:41:00Z">
    <groups>
      <group name="cucumber">
        <method signature="AbstractTestNGCucumberTests.feature(cucumber.api.testng.CucumberFeatureWrapper)[pri:0, instance:BDDTest.TC001LoginTest@67b92f0a]" name="feature" class="cucumber.api.testng.AbstractTestNGCucumberTests"/>
      </group> <!-- cucumber -->
    </groups>
    <test name="Test" duration-ms="25463" started-at="2018-03-22T16:40:35Z" finished-at="2018-03-22T16:41:00Z">
      <class name="BDDTest.TC001LoginTest">
        <test-method status="PASS" signature="setUpClass()[pri:0, instance:BDDTest.TC001LoginTest@67b92f0a]" name="setUpClass" is-config="true" duration-ms="372" started-at="2018-03-22T11:40:35Z" finished-at="2018-03-22T11:40:35Z">
          <reporter-output>
          </reporter-output>
        </test-method> <!-- setUpClass -->
        <test-method status="PASS" signature="feature(cucumber.api.testng.CucumberFeatureWrapper)[pri:0, instance:BDDTest.TC001LoginTest@67b92f0a]" name="feature" duration-ms="24955" started-at="2018-03-22T11:40:35Z" description="Runs Cucumber Feature" data-provider="features" finished-at="2018-03-22T11:41:00Z">
          <params>
            <param index="0">
              <value>
                <![CDATA[Wipro Log In Smoke Test Scenerio]]>
              </value>
            </param>
          </params>
          <reporter-output>
          </reporter-output>
        </test-method> <!-- feature -->
        <test-method status="PASS" signature="tearDownClass()[pri:0, instance:BDDTest.TC001LoginTest@67b92f0a]" name="tearDownClass" is-config="true" duration-ms="21" started-at="2018-03-22T11:41:00Z" finished-at="2018-03-22T11:41:00Z">
          <reporter-output>
          </reporter-output>
        </test-method> <!-- tearDownClass -->
      </class> <!-- BDDTest.TC001LoginTest -->
    </test> <!-- Test -->
  </suite> <!-- Suite -->
</testng-results>
